[INFO ] 2026-05-09 08:24:55.263 [TestNG-PoolService-1] HelperClass - URl is launched
[INFO ] 2026-05-09 08:24:55.263 [TestNG-PoolService-2] HelperClass - URl is launched
[INFO ] 2026-05-09 08:28:15.072 [TestNG-PoolService-1] HelperClass - URl is launched
[INFO ] 2026-05-09 08:28:15.072 [TestNG-PoolService-2] HelperClass - URl is launched
[INFO ] 2026-05-09 08:28:19.035 [TestNG-PoolService-2] LoginPageActions - Username and password is sended
[INFO ] 2026-05-09 08:28:19.217 [TestNG-PoolService-1] LoginPageActions - Username and password is sended
[INFO ] 2026-05-09 14:46:24.321 [TestNG-PoolService-1] Hooks - Scenario Started: Login With valid credentials
[INFO ] 2026-05-09 14:46:24.321 [TestNG-PoolService-2] Hooks - Scenario Started: Login with Invalid Credentials
[INFO ] 2026-05-09 14:46:24.621 [TestNG-PoolService-2] HelperClass - URl is launched
[INFO ] 2026-05-09 14:46:24.621 [TestNG-PoolService-1] HelperClass - URl is launched
[INFO ] 2026-05-09 14:46:27.082 [TestNG-PoolService-2] LoginPageActions - Username and password is sended
[INFO ] 2026-05-09 14:46:27.503 [TestNG-PoolService-1] LoginPageActions - Username and password is sended
[ERROR] 2026-05-09 14:46:28.326 [TestNG-PoolService-2] Hooks - Scenario Failed: Login with Invalid Credentials
[ERROR] 2026-05-09 14:46:28.643 [TestNG-PoolService-1] Hooks - Scenario Failed: Login With valid credentials
[INFO ] 2026-05-09 14:48:08.173 [TestNG-PoolService-1] Hooks - Scenario Started: Login With valid credentials
[INFO ] 2026-05-09 14:48:08.193 [TestNG-PoolService-2] Hooks - Scenario Started: Login with Invalid Credentials
[INFO ] 2026-05-09 14:48:08.542 [TestNG-PoolService-1] HelperClass - URl is launched
[INFO ] 2026-05-09 14:48:08.542 [TestNG-PoolService-2] HelperClass - URl is launched
[INFO ] 2026-05-09 14:48:10.858 [TestNG-PoolService-1] LoginPageActions - Username and password is sended
[INFO ] 2026-05-09 14:48:10.870 [TestNG-PoolService-2] LoginPageActions - Username and password is sended
[ERROR] 2026-05-09 14:48:12.103 [TestNG-PoolService-1] Hooks - Scenario Failed: Login With valid credentials
[ERROR] 2026-05-09 14:48:12.123 [TestNG-PoolService-2] Hooks - Scenario Failed: Login with Invalid Credentials
[INFO ] 2026-05-09 14:51:02.654 [TestNG-PoolService-1] Hooks - Scenario Started: Login With valid credentials
[INFO ] 2026-05-09 14:51:02.654 [TestNG-PoolService-2] Hooks - Scenario Started: Login with Invalid Credentials
[INFO ] 2026-05-09 14:51:02.885 [TestNG-PoolService-1] HelperClass - URl is launched
[INFO ] 2026-05-09 14:51:02.885 [TestNG-PoolService-2] HelperClass - URl is launched
[INFO ] 2026-05-09 14:51:05.001 [TestNG-PoolService-1] LoginPageActions - Username and password is sended
[INFO ] 2026-05-09 14:51:05.366 [TestNG-PoolService-2] LoginPageActions - Username and password is sended
[INFO ] 2026-05-09 14:51:07.441 [TestNG-PoolService-2] Hooks - Scenario Passed: Login with Invalid Credentials
[INFO ] 2026-05-09 14:51:08.510 [TestNG-PoolService-1] Hooks - Scenario Passed: Login With valid credentials
[INFO ] 2026-05-09 14:55:42.859 [TestNG-PoolService-1] Hooks - Scenario Started: Login With valid credentials
[INFO ] 2026-05-09 14:55:42.866 [TestNG-PoolService-2] Hooks - Scenario Started: Login with Invalid Credentials
[INFO ] 2026-05-09 14:55:43.202 [TestNG-PoolService-2] HelperClass - URl is launched
[INFO ] 2026-05-09 14:55:43.202 [TestNG-PoolService-1] HelperClass - URl is launched
[INFO ] 2026-05-09 14:55:45.614 [TestNG-PoolService-1] LoginPageActions - Username and password is sended
[INFO ] 2026-05-09 14:55:45.615 [TestNG-PoolService-2] LoginPageActions - Username and password is sended
[INFO ] 2026-05-09 14:55:49.039 [TestNG-PoolService-1] Hooks - Scenario Passed: Login With valid credentials
[INFO ] 2026-05-09 14:58:09.554 [TestNG-PoolService-1] Hooks - Scenario Started: Login With valid credentials
[INFO ] 2026-05-09 14:58:09.556 [TestNG-PoolService-2] Hooks - Scenario Started: Login with Invalid Credentials
[INFO ] 2026-05-09 14:58:09.876 [TestNG-PoolService-2] HelperClass - URl is launched
[INFO ] 2026-05-09 14:58:09.876 [TestNG-PoolService-1] HelperClass - URl is launched
[INFO ] 2026-05-09 14:58:11.753 [TestNG-PoolService-1] LoginPageActions - Username and password is sended
[INFO ] 2026-05-09 14:58:11.995 [TestNG-PoolService-2] LoginPageActions - Username and password is sended
[INFO ] 2026-05-09 14:58:14.190 [TestNG-PoolService-2] Hooks - Scenario Passed: Login with Invalid Credentials
[INFO ] 2026-05-09 14:58:15.525 [TestNG-PoolService-1] Hooks - Scenario Passed: Login With valid credentials
[INFO ] 2026-05-10 21:11:37.061 [TestNG-PoolService-2] Hooks - Scenario Started: Login with Invalid Credentials
[INFO ] 2026-05-10 21:11:37.121 [TestNG-PoolService-1] Hooks - Scenario Started: Login With valid credentials
[INFO ] 2026-05-10 21:11:37.320 [TestNG-PoolService-1] HelperClass - URl is launched
[INFO ] 2026-05-10 21:11:37.320 [TestNG-PoolService-2] HelperClass - URl is launched
[INFO ] 2026-05-10 21:11:38.973 [TestNG-PoolService-1] LoginPageActions - Username and password is sended
[INFO ] 2026-05-10 21:11:39.969 [TestNG-PoolService-2] LoginPageActions - Username and password is sended
[ERROR] 2026-05-10 21:11:40.054 [TestNG-PoolService-1] Hooks - Scenario Failed: Login With valid credentials
[ERROR] 2026-05-10 21:11:40.906 [TestNG-PoolService-2] Hooks - Scenario Failed: Login with Invalid Credentials
[INFO ] 2026-05-10 21:13:57.273 [TestNG-PoolService-1] Hooks - Scenario Started: Login With valid credentials
[INFO ] 2026-05-10 21:13:57.273 [TestNG-PoolService-2] Hooks - Scenario Started: Login with Invalid Credentials
[INFO ] 2026-05-10 21:13:57.412 [TestNG-PoolService-2] HelperClass - URl is launched
[INFO ] 2026-05-10 21:13:57.412 [TestNG-PoolService-1] HelperClass - URl is launched
[INFO ] 2026-05-10 21:13:59.069 [TestNG-PoolService-2] LoginPageActions - Username and password is sended
[INFO ] 2026-05-10 21:13:59.667 [TestNG-PoolService-1] LoginPageActions - Username and password is sended
[ERROR] 2026-05-10 21:14:00.133 [TestNG-PoolService-2] Hooks - Scenario Failed: Login with Invalid Credentials
[ERROR] 2026-05-10 21:14:00.576 [TestNG-PoolService-1] Hooks - Scenario Failed: Login With valid credentials
[INFO ] 2026-05-10 21:18:32.960 [TestNG-PoolService-1] Hooks - Scenario Started: Login With valid credentials
[INFO ] 2026-05-10 21:18:32.960 [TestNG-PoolService-2] Hooks - Scenario Started: Login with Invalid Credentials
[INFO ] 2026-05-10 21:18:33.084 [TestNG-PoolService-1] HelperClass - URl is launched
[INFO ] 2026-05-10 21:18:33.084 [TestNG-PoolService-2] HelperClass - URl is launched
[INFO ] 2026-05-10 21:18:34.877 [TestNG-PoolService-1] LoginPageActions - Username and password is sended
[INFO ] 2026-05-10 21:18:35.076 [TestNG-PoolService-2] LoginPageActions - Username and password is sended
[INFO ] 2026-05-10 21:18:36.937 [TestNG-PoolService-2] Hooks - Scenario Passed: Login with Invalid Credentials
[ERROR] 2026-05-10 21:18:46.701 [TestNG-PoolService-1] Hooks - Scenario Failed: Login With valid credentials
[INFO ] 2026-05-11 09:26:13.287 [TestNG-PoolService-2] Hooks - Scenario Started: Login with Invalid Credentials
[INFO ] 2026-05-11 09:26:13.274 [TestNG-PoolService-1] Hooks - Scenario Started: Login With valid credentials
[INFO ] 2026-05-11 09:26:13.444 [TestNG-PoolService-2] HelperClass - URl is launched
[INFO ] 2026-05-11 09:26:13.444 [TestNG-PoolService-1] HelperClass - URl is launched
[INFO ] 2026-05-11 09:26:14.814 [TestNG-PoolService-1] LoginPageActions - Username and password is sended
[INFO ] 2026-05-11 09:26:16.848 [TestNG-PoolService-2] LoginPageActions - Username and password is sended
[INFO ] 2026-05-11 09:26:18.981 [TestNG-PoolService-2] Hooks - Scenario Passed: Login with Invalid Credentials
[ERROR] 2026-05-11 09:26:27.974 [TestNG-PoolService-1] Hooks - Scenario Failed: Login With valid credentials
[INFO ] 2026-05-11 09:30:11.143 [TestNG-PoolService-2] Hooks - Scenario Started: Login with Invalid Credentials
[INFO ] 2026-05-11 09:30:11.143 [TestNG-PoolService-1] Hooks - Scenario Started: Login With valid credentials
[INFO ] 2026-05-11 09:30:11.632 [TestNG-PoolService-1] HelperClass - URl is launched
[INFO ] 2026-05-11 09:30:11.632 [TestNG-PoolService-2] HelperClass - URl is launched
[INFO ] 2026-05-11 09:30:14.701 [TestNG-PoolService-1] LoginPageActions - Username and password is sended
[INFO ] 2026-05-11 09:30:14.701 [TestNG-PoolService-2] LoginPageActions - Username and password is sended
[INFO ] 2026-05-11 09:30:16.854 [TestNG-PoolService-2] Hooks - Scenario Passed: Login with Invalid Credentials
[ERROR] 2026-05-11 09:30:18.484 [TestNG-PoolService-1] Hooks - Scenario Failed: Login With valid credentials
[INFO ] 2026-05-11 09:31:19.011 [TestNG-PoolService-1] Hooks - Scenario Started: Login With valid credentials
[INFO ] 2026-05-11 09:31:19.011 [TestNG-PoolService-2] Hooks - Scenario Started: Login with Invalid Credentials
[INFO ] 2026-05-11 09:31:19.339 [TestNG-PoolService-2] HelperClass - URl is launched
[INFO ] 2026-05-11 09:31:19.339 [TestNG-PoolService-1] HelperClass - URl is launched
[INFO ] 2026-05-11 09:31:21.380 [TestNG-PoolService-2] LoginPageActions - Username and password is sended
[INFO ] 2026-05-11 09:31:21.463 [TestNG-PoolService-1] LoginPageActions - Username and password is sended
[INFO ] 2026-05-11 09:31:23.564 [TestNG-PoolService-2] Hooks - Scenario Passed: Login with Invalid Credentials
[INFO ] 2026-05-11 09:31:24.232 [TestNG-PoolService-1] Hooks - Scenario Passed: Login With valid credentials
[INFO ] 2026-05-11 09:45:04.385 [TestNG-PoolService-2] Hooks - Scenario Started: Login with Invalid Credentials
[INFO ] 2026-05-11 09:45:04.377 [TestNG-PoolService-1] Hooks - Scenario Started: Login With valid credentials
[INFO ] 2026-05-11 09:45:05.466 [TestNG-PoolService-1] HelperClass - URl is launched
[INFO ] 2026-05-11 09:45:05.470 [TestNG-PoolService-2] HelperClass - URl is launched
[INFO ] 2026-05-11 09:45:10.166 [TestNG-PoolService-1] LoginPageActions - Username and password is sended
[INFO ] 2026-05-11 09:45:10.562 [TestNG-PoolService-2] LoginPageActions - Username and password is sended
[INFO ] 2026-05-11 09:45:13.332 [TestNG-PoolService-2] Hooks - Scenario Passed: Login with Invalid Credentials
[INFO ] 2026-05-11 09:45:14.359 [TestNG-PoolService-1] Hooks - Scenario Passed: Login With valid credentials
[INFO ] 2026-05-11 10:58:22.959 [TestNG-PoolService-1] Hooks - Scenario Started: Login With valid credentials
[INFO ] 2026-05-11 10:58:22.959 [TestNG-PoolService-2] Hooks - Scenario Started: Login with Invalid Credentials
[INFO ] 2026-05-11 10:58:23.135 [TestNG-PoolService-1] HelperClass - URl is launched
[INFO ] 2026-05-11 10:58:23.135 [TestNG-PoolService-2] HelperClass - URl is launched
[INFO ] 2026-05-11 10:58:24.808 [TestNG-PoolService-1] LoginPageActions - Username and password is sended
[INFO ] 2026-05-11 10:58:24.808 [TestNG-PoolService-2] LoginPageActions - Username and password is sended
[INFO ] 2026-05-11 10:58:26.710 [TestNG-PoolService-2] Hooks - Scenario Passed: Login with Invalid Credentials
[INFO ] 2026-05-11 10:58:27.383 [TestNG-PoolService-1] Hooks - Scenario Passed: Login With valid credentials
