[INFO ] 2026-04-28 12:55:05.102 [main] BaseTest - Maximizing the Window.......
[INFO ] 2026-04-28 12:55:10.320 [main] BaseTest - driver opening.........
[INFO ] 2026-04-28 12:55:24.522 [main] BaseTest - driver Closing......
[INFO ] 2026-04-28 12:55:25.467 [main] BaseTest - Maximizing the Window.......
[INFO ] 2026-04-28 12:55:35.242 [main] BaseTest - driver opening.........
[INFO ] 2026-04-28 12:55:39.157 [main] BaseTest - driver Closing......
[INFO ] 2026-04-28 14:57:25.771 [main] BaseTest - Maximizing the Window.......
[INFO ] 2026-04-28 14:57:31.234 [main] BaseTest - driver opening.........
[INFO ] 2026-04-28 14:57:51.687 [main] BaseTest - driver Closing......
[INFO ] 2026-04-28 14:57:52.618 [main] BaseTest - Maximizing the Window.......
[INFO ] 2026-04-28 14:57:57.158 [main] BaseTest - driver opening.........
[INFO ] 2026-04-28 14:57:58.907 [main] BaseTest - Logining.....
[INFO ] 2026-04-28 14:57:58.913 [main] BaseTest - driver Closing......
[INFO ] 2026-04-28 15:07:50.109 [main] BaseTest - Maximizing the Window.......
[INFO ] 2026-04-28 15:07:56.983 [main] BaseTest - driver opening.........
[INFO ] 2026-04-28 15:07:58.256 [main] BaseTest - login details are adding.....
[INFO ] 2026-04-28 15:08:04.653 [main] BaseTest - asserts added
[INFO ] 2026-04-28 15:08:04.659 [main] BaseTest - driver Closing......
[INFO ] 2026-04-28 15:08:05.595 [main] BaseTest - Maximizing the Window.......
[INFO ] 2026-04-28 15:08:10.604 [main] BaseTest - driver opening.........
[INFO ] 2026-04-28 15:08:11.994 [main] BaseTest - Logining.....
[INFO ] 2026-04-28 15:08:11.994 [main] BaseTest - driver Closing......
[INFO ] 2026-04-28 15:29:33.001 [main] BaseTest - Maximizing the Window.......
[INFO ] 2026-04-28 15:29:38.950 [main] BaseTest - driver opening.........
[ERROR] 2026-04-28 15:29:38.966 [main] BaseTest - login not successing beacause ,{}
java.lang.NullPointerException: Cannot invoke "org.openqa.selenium.WebDriver.findElement(org.openqa.selenium.By)" because the return value of "java.lang.ThreadLocal.get()" is null
	at com.pages.loginPage.setPassWord(loginPage.java:32)
	at com.pages.loginPage.login(loginPage.java:47)
	at com.tests.dashBordTest.dashTest(dashBordTest.java:19)
	at java.base/jdk.internal.reflect.DirectMethodHandleAccessor.invoke(DirectMethodHandleAccessor.java:103)
	at java.base/java.lang.reflect.Method.invoke(Method.java:580)
	at org.testng.internal.invokers.MethodInvocationHelper.invokeMethod(MethodInvocationHelper.java:141)
	at org.testng.internal.invokers.TestInvoker.invokeMethod(TestInvoker.java:697)
	at org.testng.internal.invokers.TestInvoker.invokeTestMethod(TestInvoker.java:230)
	at org.testng.internal.invokers.MethodRunner.runInSequence(MethodRunner.java:63)
	at org.testng.internal.invokers.TestInvoker$MethodInvocationAgent.invoke(TestInvoker.java:1005)
	at org.testng.internal.invokers.TestInvoker.invokeTestMethods(TestInvoker.java:203)
	at org.testng.internal.invokers.TestMethodWorker.invokeTestMethods(TestMethodWorker.java:154)
	at org.testng.internal.invokers.TestMethodWorker.run(TestMethodWorker.java:134)
	at java.base/java.util.ArrayList.forEach(ArrayList.java:1596)
	at org.testng.TestRunner.privateRun(TestRunner.java:744)
	at org.testng.TestRunner.run(TestRunner.java:616)
	at org.testng.SuiteRunner.runTest(SuiteRunner.java:421)
	at org.testng.SuiteRunner.runSequentially(SuiteRunner.java:413)
	at org.testng.SuiteRunner.privateRun(SuiteRunner.java:373)
	at org.testng.SuiteRunner.run(SuiteRunner.java:312)
	at org.testng.SuiteRunnerWorker.runSuite(SuiteRunnerWorker.java:52)
	at org.testng.SuiteRunnerWorker.run(SuiteRunnerWorker.java:95)
	at org.testng.TestNG.runSuitesSequentially(TestNG.java:1274)
	at org.testng.TestNG.runSuitesLocally(TestNG.java:1208)
	at org.testng.TestNG.runSuites(TestNG.java:1112)
	at org.testng.TestNG.run(TestNG.java:1079)
	at org.testng.remote.AbstractRemoteTestNG.run(AbstractRemoteTestNG.java:115)
	at org.testng.remote.RemoteTestNG.initAndRun(RemoteTestNG.java:293)
	at org.testng.remote.RemoteTestNG.main(RemoteTestNG.java:91)
[INFO ] 2026-04-28 15:29:38.974 [main] BaseTest - driver Closing......
[ERROR] 2026-04-28 15:29:38.974 [main] BaseTest - Driver not closing...,{}
java.lang.NullPointerException: Cannot invoke "org.openqa.selenium.WebDriver.quit()" because "driver" is null
	at com.tests.BaseTest.afterClass(BaseTest.java:72)
	at java.base/jdk.internal.reflect.DirectMethodHandleAccessor.invoke(DirectMethodHandleAccessor.java:103)
	at java.base/java.lang.reflect.Method.invoke(Method.java:580)
	at org.testng.internal.invokers.MethodInvocationHelper.invokeMethod(MethodInvocationHelper.java:141)
	at org.testng.internal.invokers.MethodInvocationHelper.invokeMethodConsideringTimeout(MethodInvocationHelper.java:71)
	at org.testng.internal.invokers.ConfigInvoker.invokeConfigurationMethod(ConfigInvoker.java:400)
	at org.testng.internal.invokers.ConfigInvoker.invokeConfigurations(ConfigInvoker.java:333)
	at org.testng.internal.invokers.TestMethodWorker.invokeAfterClassConfigurations(TestMethodWorker.java:238)
	at org.testng.internal.invokers.TestMethodWorker.invokeAfterClassMethods(TestMethodWorker.java:223)
	at org.testng.internal.invokers.TestMethodWorker.run(TestMethodWorker.java:137)
	at java.base/java.util.ArrayList.forEach(ArrayList.java:1596)
	at org.testng.TestRunner.privateRun(TestRunner.java:744)
	at org.testng.TestRunner.run(TestRunner.java:616)
	at org.testng.SuiteRunner.runTest(SuiteRunner.java:421)
	at org.testng.SuiteRunner.runSequentially(SuiteRunner.java:413)
	at org.testng.SuiteRunner.privateRun(SuiteRunner.java:373)
	at org.testng.SuiteRunner.run(SuiteRunner.java:312)
	at org.testng.SuiteRunnerWorker.runSuite(SuiteRunnerWorker.java:52)
	at org.testng.SuiteRunnerWorker.run(SuiteRunnerWorker.java:95)
	at org.testng.TestNG.runSuitesSequentially(TestNG.java:1274)
	at org.testng.TestNG.runSuitesLocally(TestNG.java:1208)
	at org.testng.TestNG.runSuites(TestNG.java:1112)
	at org.testng.TestNG.run(TestNG.java:1079)
	at org.testng.remote.AbstractRemoteTestNG.run(AbstractRemoteTestNG.java:115)
	at org.testng.remote.RemoteTestNG.initAndRun(RemoteTestNG.java:293)
	at org.testng.remote.RemoteTestNG.main(RemoteTestNG.java:91)
[INFO ] 2026-04-28 15:29:39.767 [main] BaseTest - Maximizing the Window.......
[INFO ] 2026-04-28 15:29:45.567 [main] BaseTest - driver opening.........
[ERROR] 2026-04-28 15:29:45.574 [main] BaseTest - Not Login...
[INFO ] 2026-04-28 15:29:45.579 [main] BaseTest - driver Closing......
[ERROR] 2026-04-28 15:29:45.580 [main] BaseTest - Driver not closing...,{}
java.lang.NullPointerException: Cannot invoke "org.openqa.selenium.WebDriver.quit()" because "driver" is null
	at com.tests.BaseTest.afterClass(BaseTest.java:72)
	at java.base/jdk.internal.reflect.DirectMethodHandleAccessor.invoke(DirectMethodHandleAccessor.java:103)
	at java.base/java.lang.reflect.Method.invoke(Method.java:580)
	at org.testng.internal.invokers.MethodInvocationHelper.invokeMethod(MethodInvocationHelper.java:141)
	at org.testng.internal.invokers.MethodInvocationHelper.invokeMethodConsideringTimeout(MethodInvocationHelper.java:71)
	at org.testng.internal.invokers.ConfigInvoker.invokeConfigurationMethod(ConfigInvoker.java:400)
	at org.testng.internal.invokers.ConfigInvoker.invokeConfigurations(ConfigInvoker.java:333)
	at org.testng.internal.invokers.TestMethodWorker.invokeAfterClassConfigurations(TestMethodWorker.java:238)
	at org.testng.internal.invokers.TestMethodWorker.invokeAfterClassMethods(TestMethodWorker.java:223)
	at org.testng.internal.invokers.TestMethodWorker.run(TestMethodWorker.java:137)
	at java.base/java.util.ArrayList.forEach(ArrayList.java:1596)
	at org.testng.TestRunner.privateRun(TestRunner.java:744)
	at org.testng.TestRunner.run(TestRunner.java:616)
	at org.testng.SuiteRunner.runTest(SuiteRunner.java:421)
	at org.testng.SuiteRunner.runSequentially(SuiteRunner.java:413)
	at org.testng.SuiteRunner.privateRun(SuiteRunner.java:373)
	at org.testng.SuiteRunner.run(SuiteRunner.java:312)
	at org.testng.SuiteRunnerWorker.runSuite(SuiteRunnerWorker.java:52)
	at org.testng.SuiteRunnerWorker.run(SuiteRunnerWorker.java:95)
	at org.testng.TestNG.runSuitesSequentially(TestNG.java:1274)
	at org.testng.TestNG.runSuitesLocally(TestNG.java:1208)
	at org.testng.TestNG.runSuites(TestNG.java:1112)
	at org.testng.TestNG.run(TestNG.java:1079)
	at org.testng.remote.AbstractRemoteTestNG.run(AbstractRemoteTestNG.java:115)
	at org.testng.remote.RemoteTestNG.initAndRun(RemoteTestNG.java:293)
	at org.testng.remote.RemoteTestNG.main(RemoteTestNG.java:91)
[INFO ] 2026-04-28 15:51:03.317 [main] BaseTest - Maximizing the Window.......
[INFO ] 2026-04-28 15:51:08.315 [main] BaseTest - driver opening.........
[INFO ] 2026-04-28 15:51:33.767 [main] BaseTest - Dashboard verified
[INFO ] 2026-04-28 15:51:33.771 [main] BaseTest - driver Closing......
[INFO ] 2026-04-28 15:51:35.181 [main] BaseTest - Maximizing the Window.......
[INFO ] 2026-04-28 15:51:43.273 [main] BaseTest - driver opening.........
[INFO ] 2026-04-28 15:51:48.812 [main] BaseTest - Login.....
[INFO ] 2026-04-28 15:51:48.816 [main] BaseTest - driver Closing......
[INFO ] 2026-04-28 15:52:32.834 [main] BaseTest - Maximizing the Window.......
[INFO ] 2026-04-28 15:52:38.015 [main] BaseTest - driver opening.........
[INFO ] 2026-04-28 15:52:42.576 [main] BaseTest - Dashboard verified
[INFO ] 2026-04-28 15:52:42.576 [main] BaseTest - driver Closing......
[INFO ] 2026-04-28 15:52:43.586 [main] BaseTest - Maximizing the Window.......
[INFO ] 2026-04-28 15:52:47.615 [main] BaseTest - driver opening.........
[INFO ] 2026-04-28 15:52:48.551 [main] BaseTest - Login.....
[INFO ] 2026-04-28 15:52:48.553 [main] BaseTest - driver Closing......
[INFO ] 2026-04-28 15:53:53.831 [TestNG-test-Test-2] BaseTest - Maximizing the Window.......
[INFO ] 2026-04-28 15:53:53.831 [TestNG-test-Test-1] BaseTest - Maximizing the Window.......
[INFO ] 2026-04-28 15:53:57.825 [TestNG-test-Test-2] BaseTest - driver opening.........
[INFO ] 2026-04-28 15:53:57.909 [TestNG-test-Test-1] BaseTest - driver opening.........
[INFO ] 2026-04-28 15:53:58.671 [TestNG-test-Test-2] BaseTest - Login.....
[INFO ] 2026-04-28 15:53:58.682 [TestNG-test-Test-2] BaseTest - driver Closing......
[INFO ] 2026-04-28 15:54:05.014 [TestNG-test-Test-1] BaseTest - Dashboard verified
[INFO ] 2026-04-28 15:54:05.018 [TestNG-test-Test-1] BaseTest - driver Closing......
[INFO ] 2026-04-28 16:05:56.677 [TestNG-test-Test-2] BaseTest - Maximizing the Window.......
[INFO ] 2026-04-28 16:05:56.677 [TestNG-test-Test-3] BaseTest - Maximizing the Window.......
[INFO ] 2026-04-28 16:06:03.079 [TestNG-test-Test-3] BaseTest - driver opening.........
[INFO ] 2026-04-28 16:06:03.464 [TestNG-test-Test-2] BaseTest - driver opening.........
[INFO ] 2026-04-28 16:06:07.609 [TestNG-test-Test-3] BaseTest - Login.....
[INFO ] 2026-04-28 16:06:07.613 [TestNG-test-Test-3] BaseTest - driver Closing......
[INFO ] 2026-04-28 16:06:17.724 [TestNG-test-Test-2] BaseTest - Dashboard verified
[INFO ] 2026-04-28 16:06:17.726 [TestNG-test-Test-2] BaseTest - driver Closing......
[INFO ] 2026-04-28 16:10:14.822 [main] BaseTest - Maximizing the Window.......
[INFO ] 2026-04-28 16:10:21.379 [main] BaseTest - driver opening.........
[INFO ] 2026-04-28 16:10:49.681 [main] BaseTest - inval login verified
[INFO ] 2026-04-28 16:11:04.987 [main] BaseTest - driver Closing......
[INFO ] 2026-04-28 16:14:37.516 [main] BaseTest - Maximizing the Window.......
[INFO ] 2026-04-28 16:14:42.547 [main] BaseTest - driver opening.........
[INFO ] 2026-04-28 16:14:47.326 [main] BaseTest - Invalid login verified
[INFO ] 2026-04-28 16:14:54.748 [main] BaseTest - Dashboard verified
[INFO ] 2026-04-28 16:14:54.750 [main] BaseTest - driver Closing......
[INFO ] 2026-04-28 16:15:53.867 [main] BaseTest - Maximizing the Window.......
[INFO ] 2026-04-28 16:15:57.388 [main] BaseTest - driver opening.........
[INFO ] 2026-04-28 16:16:03.520 [main] BaseTest - valid Login verified
[INFO ] 2026-04-28 16:16:03.525 [main] BaseTest - driver Closing......
[INFO ] 2026-04-28 16:17:18.548 [main] BaseTest - Maximizing the Window.......
[INFO ] 2026-04-28 16:17:22.024 [main] BaseTest - driver opening.........
[INFO ] 2026-04-28 16:17:25.822 [main] BaseTest - Invalid login verified
[INFO ] 2026-04-28 16:17:28.055 [main] BaseTest - valid Login verified
[INFO ] 2026-04-28 16:17:28.058 [main] BaseTest - driver Closing......
[INFO ] 2026-04-28 16:17:59.984 [TestNG-test-Test-1] BaseTest - Maximizing the Window.......
[INFO ] 2026-04-28 16:18:00.057 [TestNG-test-Test-3] BaseTest - Maximizing the Window.......
[INFO ] 2026-04-28 16:18:03.462 [TestNG-test-Test-1] BaseTest - driver opening.........
[INFO ] 2026-04-28 16:18:03.474 [TestNG-test-Test-3] BaseTest - driver opening.........
[INFO ] 2026-04-28 16:18:04.011 [TestNG-test-Test-3] BaseTest - Login.....
[INFO ] 2026-04-28 16:18:04.022 [TestNG-test-Test-3] BaseTest - driver Closing......
[INFO ] 2026-04-28 16:18:06.097 [TestNG-test-Test-1] BaseTest - Invalid login verified
[INFO ] 2026-04-28 16:18:06.098 [TestNG-test-Test-1] BaseTest - driver Closing......
[INFO ] 2026-04-28 16:18:34.803 [main] BaseTest - Maximizing the Window.......
[INFO ] 2026-04-28 16:18:39.154 [main] BaseTest - driver opening.........
[INFO ] 2026-04-28 16:18:45.490 [main] BaseTest - Invalid login verified
[INFO ] 2026-04-28 16:19:04.179 [main] BaseTest - driver Closing......
[INFO ] 2026-04-28 16:20:56.619 [main] BaseTest - Maximizing the Window.......
[INFO ] 2026-04-28 16:21:00.844 [main] BaseTest - driver opening.........
[INFO ] 2026-04-28 16:21:03.530 [main] BaseTest - Invalid login verified
[INFO ] 2026-04-28 16:21:05.761 [main] BaseTest - valid Login verified
[INFO ] 2026-04-28 16:21:05.763 [main] BaseTest - driver Closing......
[INFO ] 2026-04-28 16:21:18.788 [TestNG-test-Test-1] BaseTest - Maximizing the Window.......
[INFO ] 2026-04-28 16:21:18.813 [TestNG-test-Test-3] BaseTest - Maximizing the Window.......
[INFO ] 2026-04-28 16:21:22.229 [TestNG-test-Test-3] BaseTest - driver opening.........
[INFO ] 2026-04-28 16:21:22.304 [TestNG-test-Test-1] BaseTest - driver opening.........
[INFO ] 2026-04-28 16:21:23.457 [TestNG-test-Test-3] BaseTest - Login.....
[INFO ] 2026-04-28 16:21:23.465 [TestNG-test-Test-3] BaseTest - driver Closing......
[INFO ] 2026-04-28 16:21:28.803 [TestNG-test-Test-1] BaseTest - Invalid login verified
[INFO ] 2026-04-28 16:21:28.805 [TestNG-test-Test-1] BaseTest - driver Closing......
[INFO ] 2026-04-28 16:21:51.585 [main] BaseTest - Maximizing the Window.......
[INFO ] 2026-04-28 16:21:56.282 [main] BaseTest - driver opening.........
[INFO ] 2026-04-28 16:22:07.017 [main] BaseTest - Invalid login verified
[INFO ] 2026-04-28 16:22:15.905 [main] BaseTest - valid Login verified
[INFO ] 2026-04-28 16:22:15.910 [main] BaseTest - driver Closing......
[INFO ] 2026-04-28 16:23:19.167 [TestNG-test-Test-1] BaseTest - Maximizing the Window.......
[INFO ] 2026-04-28 16:23:19.194 [TestNG-test-Test-2] BaseTest - Maximizing the Window.......
[INFO ] 2026-04-28 16:23:24.173 [TestNG-test-Test-1] BaseTest - driver opening.........
[INFO ] 2026-04-28 16:23:24.586 [TestNG-test-Test-2] BaseTest - driver opening.........
[INFO ] 2026-04-28 16:23:27.188 [TestNG-test-Test-2] BaseTest - Login.....
[INFO ] 2026-04-28 16:23:27.188 [TestNG-test-Test-2] BaseTest - driver Closing......
[INFO ] 2026-04-28 16:23:37.972 [TestNG-test-Test-1] BaseTest - Invalid login verified
[INFO ] 2026-04-28 16:23:47.231 [TestNG-test-Test-1] BaseTest - valid Login verified
[INFO ] 2026-04-28 16:23:47.234 [TestNG-test-Test-1] BaseTest - driver Closing......
[INFO ] 2026-04-28 16:25:40.673 [TestNG-test-Test-1] BaseTest - Maximizing the Window.......
[INFO ] 2026-04-28 16:25:40.673 [TestNG-test-Test-3] BaseTest - Maximizing the Window.......
[INFO ] 2026-04-28 16:25:45.895 [TestNG-test-Test-1] BaseTest - driver opening.........
[INFO ] 2026-04-28 16:25:46.280 [TestNG-test-Test-3] BaseTest - driver opening.........
[INFO ] 2026-04-28 16:25:48.480 [TestNG-test-Test-3] BaseTest - Login.....
[INFO ] 2026-04-28 16:25:48.486 [TestNG-test-Test-3] BaseTest - driver Closing......
[INFO ] 2026-04-28 16:25:57.640 [TestNG-test-Test-1] BaseTest - Invalid login verified
[INFO ] 2026-04-28 16:25:57.645 [TestNG-test-Test-1] BaseTest - driver Closing......
[INFO ] 2026-04-28 16:27:05.882 [TestNG-test-Test-3] BaseTest - Maximizing the Window.......
[INFO ] 2026-04-28 16:27:05.880 [TestNG-test-Test-2] BaseTest - Maximizing the Window.......
[INFO ] 2026-04-28 16:27:05.882 [TestNG-test-Test-1] BaseTest - Maximizing the Window.......
[INFO ] 2026-04-28 16:27:09.772 [TestNG-test-Test-1] BaseTest - driver opening.........
[INFO ] 2026-04-28 16:27:09.927 [TestNG-test-Test-2] BaseTest - driver opening.........
[INFO ] 2026-04-28 16:27:10.026 [TestNG-test-Test-3] BaseTest - driver opening.........
[INFO ] 2026-04-28 16:27:10.734 [TestNG-test-Test-3] BaseTest - Login.....
[INFO ] 2026-04-28 16:27:10.748 [TestNG-test-Test-3] BaseTest - driver Closing......
[INFO ] 2026-04-28 16:27:11.953 [TestNG-test-Test-1] BaseTest - Invalid login verified
[INFO ] 2026-04-28 16:27:11.956 [TestNG-test-Test-1] BaseTest - driver Closing......
[INFO ] 2026-04-28 16:27:12.608 [TestNG-test-Test-2] BaseTest - valid Login verified
[INFO ] 2026-04-28 16:27:12.617 [TestNG-test-Test-2] BaseTest - driver Closing......
[DEBUG] 2026-04-28 18:42:15.505 [main] PackageRelationshipCollection - Parsing relationship: /xl/_rels/workbook.xml.rels
[DEBUG] 2026-04-28 18:42:15.509 [main] PackageRelationshipCollection - Parsing relationship: /_rels/.rels
[INFO ] 2026-04-28 18:42:27.674 [TestNG-PoolService-1] BaseTest - Maximizing the Window.......
[INFO ] 2026-04-28 18:43:54.340 [TestNG-PoolService-1] BaseTest - driver opening.........
[INFO ] 2026-04-28 18:44:10.221 [TestNG-PoolService-1] BaseTest - valid Login verified
[INFO ] 2026-04-28 18:44:10.228 [TestNG-PoolService-1] BaseTest - driver Closing......
[INFO ] 2026-04-28 19:27:29.016 [main] BaseTest - Maximizing the Window.......
[INFO ] 2026-04-28 19:29:16.791 [main] BaseTest - driver opening.........
[INFO ] 2026-04-28 19:29:16.797 [main] itestDemo - started: 
[ERROR] 2026-04-28 19:29:26.877 [main] itestDemo - failed: 
[INFO ] 2026-04-28 19:29:27.058 [main] screenShot - Screenshot captured: ss/loginInVaildTest_20260428.png
[ERROR] 2026-04-28 19:29:27.058 [main] itestDemo - ScreenShot saved at :
[INFO ] 2026-04-28 19:29:27.059 [main] BaseTest - driver Closing......
[DEBUG] 2026-04-28 19:29:27.392 [main] PackageRelationshipCollection - Parsing relationship: /xl/_rels/workbook.xml.rels
[DEBUG] 2026-04-28 19:29:27.395 [main] PackageRelationshipCollection - Parsing relationship: /_rels/.rels
[INFO ] 2026-04-28 19:29:28.469 [TestNG-PoolService-1] BaseTest - Maximizing the Window.......
[INFO ] 2026-04-28 19:29:32.885 [TestNG-PoolService-1] BaseTest - driver opening.........
[INFO ] 2026-04-28 19:29:32.885 [TestNG-PoolService-1] itestDemo - started: 
[ERROR] 2026-04-28 19:29:42.911 [TestNG-PoolService-1] itestDemo - failed: 
[INFO ] 2026-04-28 19:29:43.023 [TestNG-PoolService-1] screenShot - Screenshot captured: ss/loginVaildTest_20260428.png
[ERROR] 2026-04-28 19:29:43.023 [TestNG-PoolService-1] itestDemo - ScreenShot saved at :
[INFO ] 2026-04-28 19:29:43.023 [TestNG-PoolService-1] BaseTest - driver Closing......
